<?xml version="1.0" encoding="UTF-8"?>
<!-- Generated by org.testng.reporters.JUnitXMLReporter -->
<testsuite ignored="0" hostname="NonOpsDev87" failures="0" tests="1" name="Complete Load Flow- Spot Quote" time="0.016" errors="0" timestamp="2024-02-20T20:42:04 GMT+05:00">
  <testcase classname="GTZTransportation.gtz.LoadFlow_SpotQuoteTest" name="@BeforeTest setup" time="0.013">
    <failure type="org.openqa.selenium.remote.NoSuchDriverException" message="Unable to obtain: Capabilities {browserName: chrome, goog:chromeOptions: {args: [], extensions: []}}, error Unable to obtain Selenium Manager Binary at: C:\Users\mubashir.tariq\.cache\selenium\manager\0.4.17\selenium-manager.exe
Build info: version: &amp;apos;4.17.0&amp;apos;, revision: &amp;apos;e52b1be057*&amp;apos;
System info: os.name: &amp;apos;Windows 11&amp;apos;, os.arch: &amp;apos;amd64&amp;apos;, os.version: &amp;apos;10.0&amp;apos;, java.version: &amp;apos;17.0.9&amp;apos;
Driver info: driver.version: ChromeDriver">
      <![CDATA[org.openqa.selenium.remote.NoSuchDriverException: Unable to obtain: Capabilities {browserName: chrome, goog:chromeOptions: {args: [], extensions: []}}, error Unable to obtain Selenium Manager Binary at: C:\Users\mubashir.tariq\.cache\selenium\manager\0.4.17\selenium-manager.exe
Build info: version: '4.17.0', revision: 'e52b1be057*'
System info: os.name: 'Windows 11', os.arch: 'amd64', os.version: '10.0', java.version: '17.0.9'
Driver info: driver.version: ChromeDriver
at org.openqa.selenium.remote.service.DriverFinder.getPath(DriverFinder.java:48)
at org.openqa.selenium.remote.service.DriverFinder.getPath(DriverFinder.java:33)
at org.openqa.selenium.chrome.ChromeDriver.generateExecutor(ChromeDriver.java:99)
at org.openqa.selenium.chrome.ChromeDriver.<init>(ChromeDriver.java:89)
at org.openqa.selenium.chrome.ChromeDriver.<init>(ChromeDriver.java:84)
at org.openqa.selenium.chrome.ChromeDriver.<init>(ChromeDriver.java:52)
at GTZTransportation.gtz.BaseClass.initialization(BaseClass.java:35)
at GTZTransportation.gtz.LoadFlow_SpotQuoteTest.setup(LoadFlow_SpotQuoteTest.java:22)
Caused by: org.openqa.selenium.WebDriverException: Unable to obtain Selenium Manager Binary at: C:\Users\mubashir.tariq\.cache\selenium\manager\0.4.17\selenium-manager.exe
Build info: version: '4.17.0', revision: 'e52b1be057*'
System info: os.name: 'Windows 11', os.arch: 'amd64', os.version: '10.0', java.version: '17.0.9'
Driver info: driver.version: ChromeDriver
at org.openqa.selenium.manager.SeleniumManager.getBinary(SeleniumManager.java:212)
at org.openqa.selenium.manager.SeleniumManager.getDriverPath(SeleniumManager.java:255)
at org.openqa.selenium.remote.service.DriverFinder.getPath(DriverFinder.java:45)
... 31 more
... Removed 24 stack frames]]>
    </failure>
  </testcase> <!-- @BeforeTest setup -->
  <testcase classname="GTZTransportation.gtz.LoadFlow_SpotQuoteTest" name="@AfterTest tearDown" time="-1.708443724447E9">
    <skipped/>
  </testcase> <!-- @AfterTest tearDown -->
  <testcase classname="GTZTransportation.gtz.LoadFlow_SpotQuoteTest" name="spotQuote_CompleteLoadFlow_Tests" time="0.0">
    <skipped/>
  </testcase> <!-- spotQuote_CompleteLoadFlow_Tests -->
</testsuite> <!-- Complete Load Flow- Spot Quote -->
